<?xml version="1.0" encoding="UTF-8"?>
<testng-results skipped="0" failed="0" ignored="0" total="1" passed="1">
  <reporter-output>
  </reporter-output>
  <suite name="MailChimpTests" duration-ms="3245" started-at="2018-07-29T00:45:50Z" finished-at="2018-07-29T00:45:53Z">
    <groups>
    </groups>
    <test name="MailChimp About Us Test" duration-ms="3245" started-at="2018-07-29T00:45:50Z" finished-at="2018-07-29T00:45:53Z">
      <class name="com.selenium.seleniumTests.TestRunner">
        <test-method status="PASS" signature="beforeTest()[pri:0, instance:com.selenium.seleniumTests.TestRunner@201a4587]" name="beforeTest" is-config="true" duration-ms="1606" started-at="2018-07-29T00:45:50Z" finished-at="2018-07-29T00:45:52Z">
          <reporter-output>
          </reporter-output>
        </test-method> <!-- beforeTest -->
        <test-method status="PASS" signature="aboutUsTest()[pri:0, instance:com.selenium.seleniumTests.TestRunner@201a4587]" name="aboutUsTest" duration-ms="1532" started-at="2018-07-29T00:45:52Z" finished-at="2018-07-29T00:45:53Z">
          <reporter-output>
          </reporter-output>
        </test-method> <!-- aboutUsTest -->
        <test-method status="PASS" signature="tearDown()[pri:0, instance:com.selenium.seleniumTests.TestRunner@201a4587]" name="tearDown" is-config="true" duration-ms="89" started-at="2018-07-29T00:45:53Z" finished-at="2018-07-29T00:45:53Z">
          <reporter-output>
          </reporter-output>
        </test-method> <!-- tearDown -->
      </class> <!-- com.selenium.seleniumTests.TestRunner -->
    </test> <!-- MailChimp About Us Test -->
  </suite> <!-- MailChimpTests -->
</testng-results>
